<?xml version="1.0" encoding="UTF-8"?>
<!-- Generated by org.testng.reporters.JUnitReportReporter -->
<testsuite hostname="Test-Jpwin11" failures="0" tests="1" name="test.script.SharedFolderSmokeTest" time="24.642" errors="0" timestamp="2024-07-18T21:14:25 JST" skipped="0">
  <testcase classname="test.script.SharedFolderSmokeTest" name="verifyFolderFileFolderMoveToPersonalFolder" time="24.642"/>
</testsuite> <!-- test.script.SharedFolderSmokeTest -->
