<?xml version="1.0" encoding="UTF-8"?>
<!-- Generated by org.testng.reporters.JUnitReportReporter -->
<testsuite hostname="Test-Jpwin11" failures="0" tests="2" name="test.script.CreateFolderInShareRootFolder" time="30.125" errors="0" timestamp="2024-06-13T22:35:03 JST" skipped="0">
  <testcase classname="test.script.CreateFolderInShareRootFolder" name="verifyFolderIsCreated" time="14.998"/>
  <testcase classname="test.script.CreateFolderInShareRootFolder" name="verifySpecialCharFolderIsCreated" time="15.127"/>
</testsuite> <!-- test.script.CreateFolderInShareRootFolder -->
