<?xml version="1.0" encoding="UTF-8"?>
<!-- Generated by org.testng.reporters.JUnitReportReporter -->
<testsuite hostname="Test-Jpwin11" failures="0" tests="82" name="test.script.CreateFolderInPersonalRootFolder" time="913.297" errors="0" timestamp="2024-06-13T23:01:04 JST" skipped="1">
  <testcase classname="test.script.CreateFolderInPersonalRootFolder" name="verifyErrorMsgIsDisplayedForaux" time="10.733"/>
  <testcase classname="test.script.CreateFolderInPersonalRootFolder" name="verifyErrorMsgIsDisplayedForcom7" time="10.762"/>
  <testcase classname="test.script.CreateFolderInPersonalRootFolder" name="verifyErrorMsgIsDisplayedForLPT9" time="10.787"/>
  <testcase classname="test.script.CreateFolderInPersonalRootFolder" name="verifyErrorMsgIsDisplayedForNUL" time="10.776"/>
  <testcase classname="test.script.CreateFolderInPersonalRootFolder" name="verifyErrorMsgIsDisplayedForlpt4" time="10.828"/>
  <testcase classname="test.script.CreateFolderInPersonalRootFolder" name="verifyErrorMsgIsDisplayedForSNAPSHOTS" time="15.083"/>
  <testcase classname="test.script.CreateFolderInPersonalRootFolder" name="verifyErrorMsgIsDisplayedForCON" time="10.826"/>
  <testcase classname="test.script.CreateFolderInPersonalRootFolder" name="verifyErrorMsgIsDisplayedForSnapshot" time="10.836"/>
  <testcase classname="test.script.CreateFolderInPersonalRootFolder" name="verify84LengthKanjiCharFolderIsCreatedSingleByte" time="10.865"/>
  <testcase classname="test.script.CreateFolderInPersonalRootFolder" name="verifyErrorMsgIsDisplayedForGreaterThan" time="10.882"/>
  <testcase classname="test.script.CreateFolderInPersonalRootFolder" name="verify84LengthKatakanaCharFolderIsCreatedSingleByte" time="15.148"/>
  <testcase classname="test.script.CreateFolderInPersonalRootFolder" name="verifyErrorMsgIsDisplayedForclock$" time="10.764"/>
  <testcase classname="test.script.CreateFolderInPersonalRootFolder" name="verifyErrorMsgIsDisplayedForcom6" time="10.720"/>
  <testcase classname="test.script.CreateFolderInPersonalRootFolder" name="verifyErrorMsgIsDisplayedForLPT0" time="10.796"/>
  <testcase classname="test.script.CreateFolderInPersonalRootFolder" name="verifyErrorMsgIsDisplayedFornul" time="10.786"/>
  <testcase classname="test.script.CreateFolderInPersonalRootFolder" name="verifyErrorMsgIsDisplayedForNameEndindWithDot" time="15.027"/>
  <testcase classname="test.script.CreateFolderInPersonalRootFolder" name="verifyErrorMsgIsDisplayedForcom9" time="10.835"/>
  <testcase classname="test.script.CreateFolderInPersonalRootFolder" name="verifyErrorMsgIsDisplayedForLPT8" time="10.806"/>
  <testcase classname="test.script.CreateFolderInPersonalRootFolder" name="verifyErrorMsgIsDisplayedForlpt2" time="10.770"/>
  <testcase classname="test.script.CreateFolderInPersonalRootFolder" name="verifyErrorMsgIsDisplayedForprn" time="14.957"/>
  <testcase classname="test.script.CreateFolderInPersonalRootFolder" name="verifyErrorMsgIsDisplayedForlpt7" time="10.777"/>
  <testcase classname="test.script.CreateFolderInPersonalRootFolder" name="verifyErrorMsgIsDisplayedForcom1" time="10.859"/>
  <testcase classname="test.script.CreateFolderInPersonalRootFolder" name="verify84LengthEngCharFolderIsCreatedSingleByte" time="10.960"/>
  <testcase classname="test.script.CreateFolderInPersonalRootFolder" name="verifyErrorMsgIsDisplayedForCOM4" time="10.797"/>
  <testcase classname="test.script.CreateFolderInPersonalRootFolder" name="verifyErrorMsgIsDisplayedForQuestionMark" time="10.806"/>
  <testcase classname="test.script.CreateFolderInPersonalRootFolder" name="verify84LengthKatakanaCharFolderIsCreatedMultiByte" time="10.922"/>
  <testcase classname="test.script.CreateFolderInPersonalRootFolder" name="verifyErrorMsgIsDisplayedForcom2" time="10.686"/>
  <testcase classname="test.script.CreateFolderInPersonalRootFolder" name="verifyErrorMsgIsDisplayedForLPT1" time="10.791"/>
  <testcase classname="test.script.CreateFolderInPersonalRootFolder" name="verifyErrorMsgIsDisplayedForcom4" time="10.797"/>
  <testcase classname="test.script.CreateFolderInPersonalRootFolder" name="verifyErrorMsgIsDisplayedForremote_access_backup" time="10.825"/>
  <testcase classname="test.script.CreateFolderInPersonalRootFolder" name="verifyErrorMsgIsDisplayedForCOM5" time="10.792"/>
  <testcase classname="test.script.CreateFolderInPersonalRootFolder" name="verifyErrorMsgIsDisplayedForlpt5" time="10.879"/>
  <testcase classname="test.script.CreateFolderInPersonalRootFolder" name="verifyErrorMsgIsDisplayedForCOM8" time="10.762"/>
  <testcase classname="test.script.CreateFolderInPersonalRootFolder" name="verify84LengthHiraganaCharFolderIsCreatedMultiByte" time="10.870"/>
  <testcase classname="test.script.CreateFolderInPersonalRootFolder" name="verifySpecialCharFolderIsCreated" time="10.740"/>
  <testcase classname="test.script.CreateFolderInPersonalRootFolder" name="verifyErrorMsgIsDisplayedForCOM1" time="10.864"/>
  <testcase classname="test.script.CreateFolderInPersonalRootFolder" name="verifyErrorMsgIsDisplayedForlpt3" time="10.665"/>
  <testcase classname="test.script.CreateFolderInPersonalRootFolder" name="verifyErrorMsgIsDisplayedForFontSlash" time="10.709"/>
  <testcase classname="test.script.CreateFolderInPersonalRootFolder" name="verify84LengthKanjiCharFolderIsCreatedMultiByte" time="15.145"/>
  <testcase classname="test.script.CreateFolderInPersonalRootFolder" name="verifyErrorMsgIsDisplayedForcom3" time="10.824"/>
  <testcase classname="test.script.CreateFolderInPersonalRootFolder" name="verifyErrorMsgIsDisplayedForCLOCK$" time="14.898"/>
  <testcase classname="test.script.CreateFolderInPersonalRootFolder" name="verifyErrorMsgIsDisplayedForColon" time="10.863"/>
  <testcase classname="test.script.CreateFolderInPersonalRootFolder" name="verifyErrorMsgIsDisplayedForNameStartingWithHalfWidthSpace" time="15.039"/>
  <testcase classname="test.script.CreateFolderInPersonalRootFolder" name="verifyErrorMsgIsDisplayedForCOM2" time="10.712"/>
  <testcase classname="test.script.CreateFolderInPersonalRootFolder" name="verifyErrorMsgIsDisplayedForPipe" time="10.910"/>
  <testcase classname="test.script.CreateFolderInPersonalRootFolder" name="verifyErrorMsgIsDisplayedForCOM0" time="10.782"/>
  <testcase classname="test.script.CreateFolderInPersonalRootFolder" name="verifyErrorMsgIsDisplayedForlpt9" time="10.803"/>
  <testcase classname="test.script.CreateFolderInPersonalRootFolder" name="verifyErrorMsgIsDisplayedForCOM6" time="10.698"/>
  <testcase classname="test.script.CreateFolderInPersonalRootFolder" name="verifyErrorMsgIsDisplayedForDoubleQuotes" time="15.064"/>
  <testcase classname="test.script.CreateFolderInPersonalRootFolder" name="verifyErrorMsgIsDisplayedForcom0" time="10.746"/>
  <testcase classname="test.script.CreateFolderInPersonalRootFolder" name="verifyErrorMsgIsDisplayedForAUX" time="10.792"/>
  <testcase classname="test.script.CreateFolderInPersonalRootFolder" name="verifyErrorMsgIsDisplayedForLPT2" time="10.902"/>
  <testcase classname="test.script.CreateFolderInPersonalRootFolder" name="verifyErrorMsgIsDisplayedForPRN" time="10.871"/>
  <testcase classname="test.script.CreateFolderInPersonalRootFolder" name="verifyErrorMsgIsDisplayedForsnapshot" time="10.809"/>
  <testcase classname="test.script.CreateFolderInPersonalRootFolder" name="verifyErrorMsgIsDisplayedForBackSlash" time="10.857"/>
  <testcase classname="test.script.CreateFolderInPersonalRootFolder" name="verifyErrorMsgIsDisplayedForCOM3" time="10.810"/>
  <testcase classname="test.script.CreateFolderInPersonalRootFolder" name="verifyErrorMsgIsDisplayedForCOM7" time="10.811"/>
  <testcase classname="test.script.CreateFolderInPersonalRootFolder" name="verifyErrorMsgIsDisplayedFortrashbox" time="10.796"/>
  <testcase classname="test.script.CreateFolderInPersonalRootFolder" name="verifyErrorMsgIsDisplayedForlpt1" time="10.824"/>
  <testcase classname="test.script.CreateFolderInPersonalRootFolder" name="verifyErrorMsgIsDisplayedForLPT3" time="10.775"/>
  <testcase classname="test.script.CreateFolderInPersonalRootFolder" name="verifyErrorMsgIsDisplayedForNameEndingWithHalfWidthSpace" time="10.883"/>
  <testcase classname="test.script.CreateFolderInPersonalRootFolder" name="verifyErrorMsgIsDisplayedForcon" time="10.782"/>
  <testcase classname="test.script.CreateFolderInPersonalRootFolder" name="verifyErrorMsgIsDisplayedForSNAPSHOT" time="10.856"/>
  <testcase classname="test.script.CreateFolderInPersonalRootFolder" name="verifyErrorMsgIsDisplayedForLPT4" time="10.740"/>
  <testcase classname="test.script.CreateFolderInPersonalRootFolder" name="verifyErrorMsgIsDisplayedForlpt6" time="10.816"/>
  <testcase classname="test.script.CreateFolderInPersonalRootFolder" name="verifyErrorMsgIsDisplayedForMultiplication" time="10.727"/>
  <testcase classname="test.script.CreateFolderInPersonalRootFolder" name="verifyFolderIsCreated" time="10.744"/>
  <testcase classname="test.script.CreateFolderInPersonalRootFolder" name="verifyErrorMsgIsDisplayedForLPT7" time="10.674"/>
  <testcase classname="test.script.CreateFolderInPersonalRootFolder" name="verifyErrorMsgIsDisplayedForLPT5" time="10.767"/>
  <testcase classname="test.script.CreateFolderInPersonalRootFolder" name="verifyErrorMsgIsDisplayedForlpt8" time="10.760"/>
  <testcase classname="test.script.CreateFolderInPersonalRootFolder" name="verifyErrorMsgIsDisplayedForTRASHBOX" time="10.822"/>
  <testcase classname="test.script.CreateFolderInPersonalRootFolder" name="verifyErrorMsgIsDisplayedForlpt0" time="10.782"/>
  <testcase classname="test.script.CreateFolderInPersonalRootFolder" name="verify84LengthEngCharFolderIsCreatedMultiByte" time="10.979"/>
  <testcase classname="test.script.CreateFolderInPersonalRootFolder" name="verifyErrorMsgIsDisplayedForsnapshots" time="10.810"/>
  <testcase classname="test.script.CreateFolderInPersonalRootFolder" name="verifyErrorMsgIsDisplayedFortrashBox" time="10.783"/>
  <testcase classname="test.script.CreateFolderInPersonalRootFolder" name="verifyErrorMsgIsDisplayedForcom8" time="15.047"/>
  <testcase classname="test.script.CreateFolderInPersonalRootFolder" name="verifyErrorMsgIsDisplayedForcom5" time="10.800"/>
  <testcase classname="test.script.CreateFolderInPersonalRootFolder" name="verifyErrorMsgIsDisplayedForREMOTE_ACCESS_BACKUP" time="10.953"/>
  <testcase classname="test.script.CreateFolderInPersonalRootFolder" name="verifyErrorMsgIsDisplayedForCOM9" time="10.775"/>
  <testcase classname="test.script.CreateFolderInPersonalRootFolder" name="verifyErrorMsgIsDisplayedForLessThan" time="10.795"/>
  <testcase classname="test.script.CreateFolderInPersonalRootFolder" name="verifyErrorMsgIsDisplayedForLPT6" time="10.783"/>
  <testcase classname="test.script.CreateFolderInPersonalRootFolder" name="verify84LengthHiraganaCharFolderIsCreatedSingleByte">
    <skipped/>
  </testcase> <!-- verify84LengthHiraganaCharFolderIsCreatedSingleByte -->
</testsuite> <!-- test.script.CreateFolderInPersonalRootFolder -->
